Arguments: 
  /usr/local/bin/node /usr/local/Cellar/yarn/1.22.17/libexec/bin/yarn.js init

PATH: 
  /usr/local/opt/openjdk/bin:/Library/Frameworks/Python.framework/Versions/3.9/bin:/usr/local/bin:/usr/bin:/bin:/usr/sbin:/sbin:/Applications/Racket\ v8.3/bin/racket:/Applications/Racket\ v8.3/bin/:/Library/Apple/usr/bin:/Library/Frameworks/Mono.framework/Versions/Current/Commands:/usr/local/opt/openjdk/bin:/Library/Frameworks/Python.framework/Versions/3.9/bin:/Applications/Racket v8.3/bin/:/Applications/Racket v8.3/bin/

Yarn version: 
  1.22.17

Node version: 
  16.13.0

Platform: 
  darwin x64

Trace: 
  Error: canceled
      at Interface.<anonymous> (/usr/local/Cellar/yarn/1.22.17/libexec/lib/cli.js:137143:13)
      at Interface.emit (node:events:390:28)
      at Interface._ttyWrite (node:readline:1081:16)
      at ReadStream.onkeypress (node:readline:288:10)
      at ReadStream.emit (node:events:390:28)
      at emitKeys (node:internal/readline/utils:358:14)
      at emitKeys.next (<anonymous>)
      at ReadStream.onData (node:internal/readline/emitKeypressEvents:61:36)
      at ReadStream.emit (node:events:390:28)
      at addChunk (node:internal/streams/readable:315:12)

npm manifest: 
  {
    "name": "imagescript",
    "version": "1.2.9",
    "description": "zero-dependency javascript image manipulation",
    "main": "ImageScript.js",
    "scripts": {
      "test": "node ./src/tests/run.js",
      "coverage": "nyc --reporter=html npm test"
    },
    "repository": {
      "type": "git",
      "url": "git+https://github.com/matmen/ImageScript.git"
    },
    "keywords": [
      "image",
      "image processing",
      "image manipulation",
      "png",
      "jpeg",
      "jpg",
      "scale",
      "resize",
      "crop",
      "webp",
      "svg",
      "bitmap",
      "gif",
      "picture",
      "thumbnail"
    ],
    "author": "matmen <matmen@dreadful.tech>",
    "license": "GPL-3.0-or-later",
    "bugs": {
      "url": "https://github.com/matmen/ImageScript/issues"
    },
    "homepage": "https://github.com/matmen/ImageScript#readme",
    "engines": {
      "node": ">=14.0.0"
    }
  }

yarn manifest: 
  No manifest

Lockfile: 
  # THIS IS AN AUTOGENERATED FILE. DO NOT EDIT THIS FILE DIRECTLY.
  # yarn lockfile v1
